Using pre-set license
Built from '2020.2/release' branch; Version is '2020.2.1f1 (270dd8c3da1c) revision 2559448'; Using compiler version '192528614'; Build Type 'Release'
OS: 'Windows 10  (10.0.0) 64bit' Language: 'en' Physical Memory: 32726 MB
BatchMode: 1, IsHumanControllingUs: 0, StartBugReporterOnCrash: 0, Is64bit: 1, IsPro: 0

 COMMAND LINE ARGUMENTS:
C:\Program Files\Unity\Hub\Editor\2020.2.1f1\Editor\Unity.exe
-adb2
-batchMode
-noUpm
-name
AssetImportWorker0
-projectPath
C:/Users/tjose/Desktop/Game Repos/Asteroid Blaster
-logFile
Logs/AssetImportWorker0.log
-srvPort
56388
Successfully changed project path to: C:/Users/tjose/Desktop/Game Repos/Asteroid Blaster
C:/Users/tjose/Desktop/Game Repos/Asteroid Blaster
Using Asset Import Pipeline V2.
Refreshing native plugins compatible for Editor in 85.56 ms, found 0 plugins.
Preloading 0 native plugins for Editor in 0.00 ms.
Initialize engine version: 2020.2.1f1 (270dd8c3da1c)
[Subsystems] Discovering subsystems at path C:/Program Files/Unity/Hub/Editor/2020.2.1f1/Editor/Data/Resources/UnitySubsystems
[Subsystems] Discovering subsystems at path C:/Users/tjose/Desktop/Game Repos/Asteroid Blaster/Assets
GfxDevice: creating device client; threaded=0
Direct3D:
    Version:  Direct3D 11.0 [level 11.1]
    Renderer: NVIDIA GeForce GTX 1080 Ti (ID=0x1b06)
    Vendor:   
    VRAM:     11127 MB
    Driver:   27.21.14.6140
Initialize mono
Mono path[0] = 'C:/Program Files/Unity/Hub/Editor/2020.2.1f1/Editor/Data/Managed'
Mono path[1] = 'C:/Program Files/Unity/Hub/Editor/2020.2.1f1/Editor/Data/MonoBleedingEdge/lib/mono/unityjit'
Mono config path = 'C:/Program Files/Unity/Hub/Editor/2020.2.1f1/Editor/Data/MonoBleedingEdge/etc'
Using monoOptions --debugger-agent=transport=dt_socket,embedding=1,server=y,suspend=n,address=127.0.0.1:56380
Begin MonoManager ReloadAssembly
Registering precompiled unity dll's ...
Register platform support module: C:/Program Files/Unity/Hub/Editor/2020.2.1f1/Editor/Data/PlaybackEngines/WindowsStandaloneSupport/UnityEditor.WindowsStandalone.Extensions.dll
Registered in 0.003191 seconds.
Native extension for WindowsStandalone target not found
Refreshing native plugins compatible for Editor in 43.89 ms, found 0 plugins.
Preloading 0 native plugins for Editor in 0.00 ms.
Invoked RoslynAnalysisRunner static constructor.
RoslynAnalysisRunner will not be running.
RoslynAnalysisRunner has terminated.
Mono: successfully reloaded assembly
- Completed reload, in  2.192 seconds
Platform modules already initialized, skipping
Registering precompiled user dll's ...
Registered in 0.005552 seconds.
Begin MonoManager ReloadAssembly
Native extension for WindowsStandalone target not found
Refreshing native plugins compatible for Editor in 0.71 ms, found 0 plugins.
Preloading 0 native plugins for Editor in 0.00 ms.
Invoked RoslynAnalysisRunner static constructor.
RoslynAnalysisRunner will not be running.
RoslynAnalysisRunner has terminated.
Mono: successfully reloaded assembly
- Completed reload, in  2.046 seconds
Platform modules already initialized, skipping
========================================================================
Worker process is ready to serve import requests
Launched and connected shader compiler UnityShaderCompiler.exe after 0.04 seconds
Refreshing native plugins compatible for Editor in 0.45 ms, found 0 plugins.
Preloading 0 native plugins for Editor in 0.00 ms.
Unloading 1598 Unused Serialized files (Serialized files now loaded: 0)
System memory in use before: 69.3 MB.
System memory in use after: 69.3 MB.

Unloading 38 unused Assets to reduce memory usage. Loaded Objects now: 2023.
Total: 2.999100 ms (FindLiveObjects: 0.493900 ms CreateObjectMapping: 0.302100 ms MarkObjects: 2.143100 ms  DeleteObjects: 0.058200 ms)

========================================================================
Received Import Request.
  path: Assets/Scenes/Main.unity
  artifactKey: Guid(76b12e2865153ab48b48b2ed709efdee) Importer(815301076,1909f56bfc062723c751e8b465ee728b)
Start importing Assets/Scenes/Main.unity using Guid(76b12e2865153ab48b48b2ed709efdee) Importer(815301076,1909f56bfc062723c751e8b465ee728b)  -> (artifact id: '3e1f5a38875f55a3506975ec160b432f') in 0.019830 seconds
  Import took 0.023121 seconds .

========================================================================
Received Import Request.
  Time since last request: 8.324590 seconds.
  path: Assets/Scripts/GooglePlay/ActivateGooglePlay.cs
  artifactKey: Guid(e69880f91f8164a4cb1bb3279b1c920e) Importer(815301076,1909f56bfc062723c751e8b465ee728b)
Start importing Assets/Scripts/GooglePlay/ActivateGooglePlay.cs using Guid(e69880f91f8164a4cb1bb3279b1c920e) Importer(815301076,1909f56bfc062723c751e8b465ee728b)  -> (artifact id: 'c294a50ca76f7e5293847e5b8542079d') in 0.041030 seconds
  Import took 0.044800 seconds .

========================================================================
Received Import Request.
  Time since last request: 34.789896 seconds.
  path: Assets/Scripts/GameManagement/ScoreManager.cs
  artifactKey: Guid(dc879c3e30bc2c44b943578abd4e1bd7) Importer(815301076,1909f56bfc062723c751e8b465ee728b)
Start importing Assets/Scripts/GameManagement/ScoreManager.cs using Guid(dc879c3e30bc2c44b943578abd4e1bd7) Importer(815301076,1909f56bfc062723c751e8b465ee728b)  -> (artifact id: '4ee0689cf256b697bb1e51466afcd998') in 0.007607 seconds
  Import took 0.011178 seconds .

========================================================================
Received Import Request.
  Time since last request: 0.031255 seconds.
  path: Assets/Scripts/GameManagement/ScoreManager.cs
  artifactKey: Guid(dc879c3e30bc2c44b943578abd4e1bd7) Importer(815301076,1909f56bfc062723c751e8b465ee728b)
Start importing Assets/Scripts/GameManagement/ScoreManager.cs using Guid(dc879c3e30bc2c44b943578abd4e1bd7) Importer(815301076,1909f56bfc062723c751e8b465ee728b)  -> (artifact id: '4ee0689cf256b697bb1e51466afcd998') in 0.003436 seconds
  Import took 0.007412 seconds .

========================================================================
Received Import Request.
  Time since last request: 26.812031 seconds.
  path: Assets/Scripts/GameManagement/ScoreManager.cs
  artifactKey: Guid(dc879c3e30bc2c44b943578abd4e1bd7) Importer(815301076,1909f56bfc062723c751e8b465ee728b)
Start importing Assets/Scripts/GameManagement/ScoreManager.cs using Guid(dc879c3e30bc2c44b943578abd4e1bd7) Importer(815301076,1909f56bfc062723c751e8b465ee728b)  -> (artifact id: '3b456f47d042fa175ee4f2ad90ac1d66') in 0.061883 seconds
  Import took 0.074269 seconds .

========================================================================
Received Import Request.
  Time since last request: 4.211904 seconds.
  path: Assets/Scripts/GameManagement/ScoreManager.cs
  artifactKey: Guid(dc879c3e30bc2c44b943578abd4e1bd7) Importer(815301076,1909f56bfc062723c751e8b465ee728b)
Start importing Assets/Scripts/GameManagement/ScoreManager.cs using Guid(dc879c3e30bc2c44b943578abd4e1bd7) Importer(815301076,1909f56bfc062723c751e8b465ee728b)  -> (artifact id: '99e322d98ed1985bcd22601dcf9adc65') in 0.003781 seconds
  Import took 0.007136 seconds .

========================================================================
Received Prepare
Registering precompiled user dll's ...
Registered in 0.007967 seconds.
Begin MonoManager ReloadAssembly
Native extension for WindowsStandalone target not found
Refreshing native plugins compatible for Editor in 0.65 ms, found 0 plugins.
Preloading 0 native plugins for Editor in 0.00 ms.
Forcing NO_GPGS to be defined for iOS builds.
UnityEngine.StackTraceUtility:ExtractStackTrace ()
UnityEngine.DebugLogHandler:LogFormat (UnityEngine.LogType,UnityEngine.Object,string,object[])
UnityEngine.Logger:Log (UnityEngine.LogType,object)
UnityEngine.Debug:Log (object)
GooglePlayGames.Editor.ForceNoGpgsForIOS:setNoGPGS () (at Assets/GooglePlayGames/Editor/ForceNoGpgsForIOS.cs:49)
GooglePlayGames.Editor.ForceNoGpgsForIOS:.cctor () (at Assets/GooglePlayGames/Editor/ForceNoGpgsForIOS.cs:35)
System.Runtime.CompilerServices.RuntimeHelpers:RunClassConstructor (System.RuntimeTypeHandle)
UnityEditor.EditorAssemblies:ProcessInitializeOnLoadAttributes (System.Type[])

(Filename: Assets/GooglePlayGames/Editor/ForceNoGpgsForIOS.cs Line: 49)

Invoked RoslynAnalysisRunner static constructor.
RoslynAnalysisRunner will not be running.
RoslynAnalysisRunner has terminated.
Mono: successfully reloaded assembly
- Completed reload, in  2.038 seconds
Platform modules already initialized, skipping
Refreshing native plugins compatible for Editor in 0.36 ms, found 0 plugins.
Preloading 0 native plugins for Editor in 0.00 ms.
Unloading 1592 Unused Serialized files (Serialized files now loaded: 0)
System memory in use before: 69.3 MB.
System memory in use after: 69.4 MB.

Unloading 29 unused Assets to reduce memory usage. Loaded Objects now: 2025.
Total: 2.414200 ms (FindLiveObjects: 0.296800 ms CreateObjectMapping: 0.106400 ms MarkObjects: 1.969100 ms  DeleteObjects: 0.040200 ms)

========================================================================
Received Import Request.
  Time since last request: 73.525825 seconds.
  path: Assets/GooglePlayGames
  artifactKey: Guid(fc0c7adaeb87b4bee9c859246ea804e6) Importer(815301076,1909f56bfc062723c751e8b465ee728b)
Start importing Assets/GooglePlayGames using Guid(fc0c7adaeb87b4bee9c859246ea804e6) Importer(815301076,1909f56bfc062723c751e8b465ee728b)  -> (artifact id: '42bdc47ed13f78d7a0f4ced56120a842') in 0.015408 seconds
  Import took 0.019930 seconds .

========================================================================
Received Import Request.
  Time since last request: 0.000509 seconds.
  path: Assets/GooglePlayGames
  artifactKey: Guid(fc0c7adaeb87b4bee9c859246ea804e6) Importer(815301076,1909f56bfc062723c751e8b465ee728b)
Start importing Assets/GooglePlayGames using Guid(fc0c7adaeb87b4bee9c859246ea804e6) Importer(815301076,1909f56bfc062723c751e8b465ee728b)  -> (artifact id: '42bdc47ed13f78d7a0f4ced56120a842') in 0.004002 seconds
  Import took 0.009073 seconds .

========================================================================
Received Prepare
Registering precompiled user dll's ...
Registered in 0.006163 seconds.
Begin MonoManager ReloadAssembly
Native extension for WindowsStandalone target not found
Refreshing native plugins compatible for Editor in 0.63 ms, found 0 plugins.
Preloading 0 native plugins for Editor in 0.00 ms.
Forcing NO_GPGS to be defined for iOS builds.
UnityEngine.StackTraceUtility:ExtractStackTrace ()
UnityEngine.DebugLogHandler:LogFormat (UnityEngine.LogType,UnityEngine.Object,string,object[])
UnityEngine.Logger:Log (UnityEngine.LogType,object)
UnityEngine.Debug:Log (object)
GooglePlayGames.Editor.ForceNoGpgsForIOS:setNoGPGS () (at Assets/GooglePlayGames/Editor/ForceNoGpgsForIOS.cs:49)
GooglePlayGames.Editor.ForceNoGpgsForIOS:.cctor () (at Assets/GooglePlayGames/Editor/ForceNoGpgsForIOS.cs:35)
System.Runtime.CompilerServices.RuntimeHelpers:RunClassConstructor (System.RuntimeTypeHandle)
UnityEditor.EditorAssemblies:ProcessInitializeOnLoadAttributes (System.Type[])

(Filename: Assets/GooglePlayGames/Editor/ForceNoGpgsForIOS.cs Line: 49)

Invoked RoslynAnalysisRunner static constructor.
RoslynAnalysisRunner will not be running.
RoslynAnalysisRunner has terminated.
Mono: successfully reloaded assembly
- Completed reload, in  1.973 seconds
Platform modules already initialized, skipping
Refreshing native plugins compatible for Editor in 0.75 ms, found 0 plugins.
Preloading 0 native plugins for Editor in 0.00 ms.
Unloading 1592 Unused Serialized files (Serialized files now loaded: 0)
System memory in use before: 69.4 MB.
System memory in use after: 69.5 MB.

Unloading 29 unused Assets to reduce memory usage. Loaded Objects now: 2027.
Total: 1.582000 ms (FindLiveObjects: 0.188100 ms CreateObjectMapping: 0.063300 ms MarkObjects: 1.310400 ms  DeleteObjects: 0.019100 ms)

========================================================================
Received Prepare
Registering precompiled user dll's ...
Registered in 0.005599 seconds.
Begin MonoManager ReloadAssembly
Native extension for WindowsStandalone target not found
Refreshing native plugins compatible for Editor in 0.97 ms, found 0 plugins.
Preloading 0 native plugins for Editor in 0.00 ms.
Forcing NO_GPGS to be defined for iOS builds.
UnityEngine.StackTraceUtility:ExtractStackTrace ()
UnityEngine.DebugLogHandler:LogFormat (UnityEngine.LogType,UnityEngine.Object,string,object[])
UnityEngine.Logger:Log (UnityEngine.LogType,object)
UnityEngine.Debug:Log (object)
GooglePlayGames.Editor.ForceNoGpgsForIOS:setNoGPGS () (at Assets/GooglePlayGames/Editor/ForceNoGpgsForIOS.cs:49)
GooglePlayGames.Editor.ForceNoGpgsForIOS:.cctor () (at Assets/GooglePlayGames/Editor/ForceNoGpgsForIOS.cs:35)
System.Runtime.CompilerServices.RuntimeHelpers:RunClassConstructor (System.RuntimeTypeHandle)
UnityEditor.EditorAssemblies:ProcessInitializeOnLoadAttributes (System.Type[])

(Filename: Assets/GooglePlayGames/Editor/ForceNoGpgsForIOS.cs Line: 49)

Invoked RoslynAnalysisRunner static constructor.
RoslynAnalysisRunner will not be running.
RoslynAnalysisRunner has terminated.
Mono: successfully reloaded assembly
- Completed reload, in  2.918 seconds
Platform modules already initialized, skipping
Refreshing native plugins compatible for Editor in 0.57 ms, found 0 plugins.
Preloading 0 native plugins for Editor in 0.00 ms.
Unloading 1596 Unused Serialized files (Serialized files now loaded: 0)
System memory in use before: 69.5 MB.
System memory in use after: 69.7 MB.

Unloading 29 unused Assets to reduce memory usage. Loaded Objects now: 2029.
Total: 4.600400 ms (FindLiveObjects: 0.383600 ms CreateObjectMapping: 0.179400 ms MarkObjects: 3.979200 ms  DeleteObjects: 0.055700 ms)

========================================================================
Received Prepare
Registering precompiled user dll's ...
Registered in 0.004531 seconds.
Begin MonoManager ReloadAssembly
Native extension for WindowsStandalone target not found
Refreshing native plugins compatible for Editor in 0.64 ms, found 0 plugins.
Preloading 0 native plugins for Editor in 0.00 ms.
Forcing NO_GPGS to be defined for iOS builds.
UnityEngine.StackTraceUtility:ExtractStackTrace ()
UnityEngine.DebugLogHandler:LogFormat (UnityEngine.LogType,UnityEngine.Object,string,object[])
UnityEngine.Logger:Log (UnityEngine.LogType,object)
UnityEngine.Debug:Log (object)
GooglePlayGames.Editor.ForceNoGpgsForIOS:setNoGPGS () (at Assets/GooglePlayGames/Editor/ForceNoGpgsForIOS.cs:49)
GooglePlayGames.Editor.ForceNoGpgsForIOS:.cctor () (at Assets/GooglePlayGames/Editor/ForceNoGpgsForIOS.cs:35)
System.Runtime.CompilerServices.RuntimeHelpers:RunClassConstructor (System.RuntimeTypeHandle)
UnityEditor.EditorAssemblies:ProcessInitializeOnLoadAttributes (System.Type[])

(Filename: Assets/GooglePlayGames/Editor/ForceNoGpgsForIOS.cs Line: 49)

Invoked RoslynAnalysisRunner static constructor.
RoslynAnalysisRunner will not be running.
RoslynAnalysisRunner has terminated.
Mono: successfully reloaded assembly
- Completed reload, in  4.608 seconds
Platform modules already initialized, skipping
Refreshing native plugins compatible for Editor in 0.78 ms, found 0 plugins.
Preloading 0 native plugins for Editor in 0.00 ms.
Unloading 1596 Unused Serialized files (Serialized files now loaded: 0)
System memory in use before: 69.7 MB.
System memory in use after: 69.8 MB.

Unloading 29 unused Assets to reduce memory usage. Loaded Objects now: 2031.
Total: 6.279000 ms (FindLiveObjects: 0.297700 ms CreateObjectMapping: 0.096100 ms MarkObjects: 5.821000 ms  DeleteObjects: 0.061000 ms)

========================================================================
Received Import Request.
  Time since last request: 316.403599 seconds.
  path: Assets/Materials
  artifactKey: Guid(6ad45c9ebd4da1b408122c000a9f0d9c) Importer(815301076,1909f56bfc062723c751e8b465ee728b)
Start importing Assets/Materials using Guid(6ad45c9ebd4da1b408122c000a9f0d9c) Importer(815301076,1909f56bfc062723c751e8b465ee728b)  -> (artifact id: 'fa89882cdee46d89f0f04672a553513c') in 0.014719 seconds
  Import took 0.017934 seconds .

========================================================================
Received Import Request.
  Time since last request: 0.000578 seconds.
  path: Assets/Materials
  artifactKey: Guid(6ad45c9ebd4da1b408122c000a9f0d9c) Importer(815301076,1909f56bfc062723c751e8b465ee728b)
Start importing Assets/Materials using Guid(6ad45c9ebd4da1b408122c000a9f0d9c) Importer(815301076,1909f56bfc062723c751e8b465ee728b)  -> (artifact id: 'fa89882cdee46d89f0f04672a553513c') in 0.006131 seconds
  Import took 0.011016 seconds .

