Using pre-set license
Built from '2020.2/release' branch; Version is '2020.2.1f1 (270dd8c3da1c) revision 2559448'; Using compiler version '192528614'; Build Type 'Release'
OS: 'Windows 10  (10.0.0) 64bit' Language: 'en' Physical Memory: 32726 MB
BatchMode: 1, IsHumanControllingUs: 0, StartBugReporterOnCrash: 0, Is64bit: 1, IsPro: 0

 COMMAND LINE ARGUMENTS:
C:\Program Files\Unity\Hub\Editor\2020.2.1f1\Editor\Unity.exe
-adb2
-batchMode
-noUpm
-name
AssetImportWorker0
-projectPath
C:/Users/tjose/Desktop/Game Repos/Asteroid Blaster
-logFile
Logs/AssetImportWorker0.log
-srvPort
57626
Successfully changed project path to: C:/Users/tjose/Desktop/Game Repos/Asteroid Blaster
C:/Users/tjose/Desktop/Game Repos/Asteroid Blaster
Using Asset Import Pipeline V2.
Refreshing native plugins compatible for Editor in 66.77 ms, found 0 plugins.
Preloading 0 native plugins for Editor in 0.00 ms.
Initialize engine version: 2020.2.1f1 (270dd8c3da1c)
[Subsystems] Discovering subsystems at path C:/Program Files/Unity/Hub/Editor/2020.2.1f1/Editor/Data/Resources/UnitySubsystems
[Subsystems] Discovering subsystems at path C:/Users/tjose/Desktop/Game Repos/Asteroid Blaster/Assets
GfxDevice: creating device client; threaded=0
Direct3D:
    Version:  Direct3D 11.0 [level 11.1]
    Renderer: NVIDIA GeForce GTX 1080 Ti (ID=0x1b06)
    Vendor:   
    VRAM:     11127 MB
    Driver:   27.21.14.6140
Initialize mono
Mono path[0] = 'C:/Program Files/Unity/Hub/Editor/2020.2.1f1/Editor/Data/Managed'
Mono path[1] = 'C:/Program Files/Unity/Hub/Editor/2020.2.1f1/Editor/Data/MonoBleedingEdge/lib/mono/unityjit'
Mono config path = 'C:/Program Files/Unity/Hub/Editor/2020.2.1f1/Editor/Data/MonoBleedingEdge/etc'
Using monoOptions --debugger-agent=transport=dt_socket,embedding=1,server=y,suspend=n,address=127.0.0.1:56832
Begin MonoManager ReloadAssembly
Registering precompiled unity dll's ...
Register platform support module: C:/Program Files/Unity/Hub/Editor/2020.2.1f1/Editor/Data/PlaybackEngines/WindowsStandaloneSupport/UnityEditor.WindowsStandalone.Extensions.dll
Registered in 0.002886 seconds.
Native extension for WindowsStandalone target not found
Refreshing native plugins compatible for Editor in 48.89 ms, found 0 plugins.
Preloading 0 native plugins for Editor in 0.00 ms.
Invoked RoslynAnalysisRunner static constructor.
RoslynAnalysisRunner will not be running.
RoslynAnalysisRunner has terminated.
Mono: successfully reloaded assembly
- Completed reload, in  2.545 seconds
Platform modules already initialized, skipping
Registering precompiled user dll's ...
Registered in 0.005059 seconds.
Begin MonoManager ReloadAssembly
Native extension for WindowsStandalone target not found
Refreshing native plugins compatible for Editor in 2.22 ms, found 0 plugins.
Preloading 0 native plugins for Editor in 0.00 ms.
Invoked RoslynAnalysisRunner static constructor.
RoslynAnalysisRunner will not be running.
RoslynAnalysisRunner has terminated.
Mono: successfully reloaded assembly
- Completed reload, in  4.643 seconds
Platform modules already initialized, skipping
========================================================================
Worker process is ready to serve import requests
Launched and connected shader compiler UnityShaderCompiler.exe after 0.06 seconds
Refreshing native plugins compatible for Editor in 0.93 ms, found 0 plugins.
Preloading 0 native plugins for Editor in 0.00 ms.
Unloading 1408 Unused Serialized files (Serialized files now loaded: 0)
System memory in use before: 64.2 MB.
System memory in use after: 64.3 MB.

Unloading 39 unused Assets to reduce memory usage. Loaded Objects now: 1832.
Total: 6.085000 ms (FindLiveObjects: 0.505500 ms CreateObjectMapping: 0.259300 ms MarkObjects: 5.229600 ms  DeleteObjects: 0.088400 ms)

========================================================================
Received Prepare
Registering precompiled user dll's ...
Registered in 0.011430 seconds.
Begin MonoManager ReloadAssembly
Native extension for WindowsStandalone target not found
Refreshing native plugins compatible for Editor in 0.66 ms, found 0 plugins.
Preloading 0 native plugins for Editor in 0.00 ms.
Invoked RoslynAnalysisRunner static constructor.
RoslynAnalysisRunner will not be running.
RoslynAnalysisRunner has terminated.
Mono: successfully reloaded assembly
- Completed reload, in  2.077 seconds
Platform modules already initialized, skipping
Refreshing native plugins compatible for Editor in 0.58 ms, found 0 plugins.
Preloading 0 native plugins for Editor in 0.00 ms.
Unloading 1402 Unused Serialized files (Serialized files now loaded: 0)
System memory in use before: 64.1 MB.
System memory in use after: 64.2 MB.

Unloading 28 unused Assets to reduce memory usage. Loaded Objects now: 1834.
Total: 2.396800 ms (FindLiveObjects: 0.576600 ms CreateObjectMapping: 0.093800 ms MarkObjects: 1.696900 ms  DeleteObjects: 0.027300 ms)

========================================================================
Received Prepare
Registering precompiled user dll's ...
Registered in 0.005018 seconds.
Begin MonoManager ReloadAssembly
Native extension for WindowsStandalone target not found
Refreshing native plugins compatible for Editor in 1.24 ms, found 0 plugins.
Preloading 0 native plugins for Editor in 0.00 ms.
Invoked RoslynAnalysisRunner static constructor.
RoslynAnalysisRunner will not be running.
RoslynAnalysisRunner has terminated.
Mono: successfully reloaded assembly
- Completed reload, in  2.009 seconds
Platform modules already initialized, skipping
Refreshing native plugins compatible for Editor in 0.53 ms, found 0 plugins.
Preloading 0 native plugins for Editor in 0.00 ms.
Unloading 1403 Unused Serialized files (Serialized files now loaded: 0)
System memory in use before: 64.2 MB.
System memory in use after: 64.3 MB.

Unloading 28 unused Assets to reduce memory usage. Loaded Objects now: 1836.
Total: 1.854300 ms (FindLiveObjects: 0.271000 ms CreateObjectMapping: 0.066300 ms MarkObjects: 1.454900 ms  DeleteObjects: 0.060200 ms)

========================================================================
Received Prepare
Registering precompiled user dll's ...
Registered in 0.011572 seconds.
Begin MonoManager ReloadAssembly
Native extension for WindowsStandalone target not found
Refreshing native plugins compatible for Editor in 1.19 ms, found 0 plugins.
Preloading 0 native plugins for Editor in 0.00 ms.
Invoked RoslynAnalysisRunner static constructor.
RoslynAnalysisRunner will not be running.
RoslynAnalysisRunner has terminated.
Mono: successfully reloaded assembly
- Completed reload, in  4.504 seconds
Platform modules already initialized, skipping
Refreshing native plugins compatible for Editor in 0.98 ms, found 0 plugins.
Preloading 0 native plugins for Editor in 0.00 ms.
Unloading 1403 Unused Serialized files (Serialized files now loaded: 0)
System memory in use before: 64.3 MB.
System memory in use after: 64.4 MB.

Unloading 28 unused Assets to reduce memory usage. Loaded Objects now: 1838.
Total: 4.607300 ms (FindLiveObjects: 0.400000 ms CreateObjectMapping: 0.197700 ms MarkObjects: 3.971100 ms  DeleteObjects: 0.035200 ms)

========================================================================
Received Prepare
Registering precompiled user dll's ...
Registered in 0.008056 seconds.
Begin MonoManager ReloadAssembly
Native extension for WindowsStandalone target not found
Refreshing native plugins compatible for Editor in 0.69 ms, found 0 plugins.
Preloading 0 native plugins for Editor in 0.00 ms.
Invoked RoslynAnalysisRunner static constructor.
RoslynAnalysisRunner will not be running.
RoslynAnalysisRunner has terminated.
Mono: successfully reloaded assembly
- Completed reload, in  2.020 seconds
Platform modules already initialized, skipping
Refreshing native plugins compatible for Editor in 0.59 ms, found 0 plugins.
Preloading 0 native plugins for Editor in 0.00 ms.
Unloading 1403 Unused Serialized files (Serialized files now loaded: 0)
System memory in use before: 64.4 MB.
System memory in use after: 64.5 MB.

Unloading 28 unused Assets to reduce memory usage. Loaded Objects now: 1840.
Total: 3.108500 ms (FindLiveObjects: 0.391800 ms CreateObjectMapping: 0.145500 ms MarkObjects: 2.529500 ms  DeleteObjects: 0.039700 ms)

========================================================================
Received Import Request.
  path: Assets/Shield.cs
  artifactKey: Guid(98ae0e206c659d740bd601f38acaa840) Importer(815301076,1909f56bfc062723c751e8b465ee728b)
Start importing Assets/Shield.cs using Guid(98ae0e206c659d740bd601f38acaa840) Importer(815301076,1909f56bfc062723c751e8b465ee728b)  -> (artifact id: '9f549af7ac3b7113e62dadce9b094822') in 0.045638 seconds
  Import took 0.049382 seconds .

========================================================================
Received Import Request.
  Time since last request: 0.263134 seconds.
  path: Assets/GooglePlayConstants.cs
  artifactKey: Guid(f5b3b3516a200f847978007208b45e2f) Importer(815301076,1909f56bfc062723c751e8b465ee728b)
Start importing Assets/GooglePlayConstants.cs using Guid(f5b3b3516a200f847978007208b45e2f) Importer(815301076,1909f56bfc062723c751e8b465ee728b)  -> (artifact id: '03d4cd52c23c90875b32fa3bf98857f4') in 0.021623 seconds
  Import took 0.026680 seconds .

========================================================================
Received Prepare
Registering precompiled user dll's ...
Registered in 0.010017 seconds.
Begin MonoManager ReloadAssembly
Native extension for WindowsStandalone target not found
Refreshing native plugins compatible for Editor in 0.39 ms, found 0 plugins.
Preloading 0 native plugins for Editor in 0.00 ms.
Invoked RoslynAnalysisRunner static constructor.
RoslynAnalysisRunner will not be running.
RoslynAnalysisRunner has terminated.
Mono: successfully reloaded assembly
- Completed reload, in  4.565 seconds
Platform modules already initialized, skipping
Refreshing native plugins compatible for Editor in 0.75 ms, found 0 plugins.
Preloading 0 native plugins for Editor in 0.00 ms.
Unloading 1402 Unused Serialized files (Serialized files now loaded: 0)
System memory in use before: 64.4 MB.
System memory in use after: 64.5 MB.

Unloading 29 unused Assets to reduce memory usage. Loaded Objects now: 1841.
Total: 5.001500 ms (FindLiveObjects: 1.027500 ms CreateObjectMapping: 0.248800 ms MarkObjects: 3.687600 ms  DeleteObjects: 0.034500 ms)

========================================================================
Received Prepare
Registering precompiled user dll's ...
Registered in 0.001817 seconds.
Begin MonoManager ReloadAssembly
Native extension for WindowsStandalone target not found
Refreshing native plugins compatible for Editor in 0.43 ms, found 0 plugins.
Preloading 0 native plugins for Editor in 0.00 ms.
Invoked RoslynAnalysisRunner static constructor.
RoslynAnalysisRunner will not be running.
RoslynAnalysisRunner has terminated.
Mono: successfully reloaded assembly
- Completed reload, in  0.783 seconds
Platform modules already initialized, skipping
Refreshing native plugins compatible for Editor in 0.44 ms, found 0 plugins.
Preloading 0 native plugins for Editor in 0.00 ms.
Unloading 1398 Unused Serialized files (Serialized files now loaded: 0)
System memory in use before: 64.4 MB.
System memory in use after: 64.5 MB.

Unloading 24 unused Assets to reduce memory usage. Loaded Objects now: 1843.
Total: 1.650500 ms (FindLiveObjects: 0.222300 ms CreateObjectMapping: 0.047600 ms MarkObjects: 1.361400 ms  DeleteObjects: 0.018100 ms)

========================================================================
Received Import Request.
  Time since last request: 42.690640 seconds.
  path: Assets/Scripts/GameManagement/ScoreManager.cs
  artifactKey: Guid(dc879c3e30bc2c44b943578abd4e1bd7) Importer(815301076,1909f56bfc062723c751e8b465ee728b)
Start importing Assets/Scripts/GameManagement/ScoreManager.cs using Guid(dc879c3e30bc2c44b943578abd4e1bd7) Importer(815301076,1909f56bfc062723c751e8b465ee728b)  -> (artifact id: 'cb19e1d4e99ffee142e7026173bfd9e1') in 0.006514 seconds
  Import took 0.009272 seconds .

========================================================================
Received Prepare
Registering precompiled user dll's ...
Registered in 0.001754 seconds.
Begin MonoManager ReloadAssembly
Native extension for WindowsStandalone target not found
Refreshing native plugins compatible for Editor in 0.35 ms, found 0 plugins.
Preloading 0 native plugins for Editor in 0.00 ms.
Invoked RoslynAnalysisRunner static constructor.
RoslynAnalysisRunner will not be running.
RoslynAnalysisRunner has terminated.
Mono: successfully reloaded assembly
- Completed reload, in  0.761 seconds
Platform modules already initialized, skipping
Refreshing native plugins compatible for Editor in 0.47 ms, found 0 plugins.
Preloading 0 native plugins for Editor in 0.00 ms.
Unloading 1398 Unused Serialized files (Serialized files now loaded: 0)
System memory in use before: 64.5 MB.
System memory in use after: 64.6 MB.

Unloading 24 unused Assets to reduce memory usage. Loaded Objects now: 1845.
Total: 2.342800 ms (FindLiveObjects: 0.162400 ms CreateObjectMapping: 0.052800 ms MarkObjects: 2.099800 ms  DeleteObjects: 0.026200 ms)

========================================================================
Received Import Request.
  Time since last request: 82.007406 seconds.
  path: Assets/Scripts/Player/PlayerStatusManager.cs
  artifactKey: Guid(65dc1ab59ffa38542aa1671268c96d97) Importer(815301076,1909f56bfc062723c751e8b465ee728b)
Start importing Assets/Scripts/Player/PlayerStatusManager.cs using Guid(65dc1ab59ffa38542aa1671268c96d97) Importer(815301076,1909f56bfc062723c751e8b465ee728b)  -> (artifact id: '7410ef02eeb9d4957aa27c0a0158fcde') in 0.012733 seconds
  Import took 0.015246 seconds .

========================================================================
Received Import Request.
  Time since last request: 0.016127 seconds.
  path: Assets/Scripts/Player/PlayerStatusManager.cs
  artifactKey: Guid(65dc1ab59ffa38542aa1671268c96d97) Importer(815301076,1909f56bfc062723c751e8b465ee728b)
Start importing Assets/Scripts/Player/PlayerStatusManager.cs using Guid(65dc1ab59ffa38542aa1671268c96d97) Importer(815301076,1909f56bfc062723c751e8b465ee728b)  -> (artifact id: '7410ef02eeb9d4957aa27c0a0158fcde') in 0.006203 seconds
  Import took 0.009262 seconds .

========================================================================
Received Prepare
Registering precompiled user dll's ...
Registered in 0.001826 seconds.
Begin MonoManager ReloadAssembly
Native extension for WindowsStandalone target not found
Refreshing native plugins compatible for Editor in 0.34 ms, found 0 plugins.
Preloading 0 native plugins for Editor in 0.00 ms.
Invoked RoslynAnalysisRunner static constructor.
RoslynAnalysisRunner will not be running.
RoslynAnalysisRunner has terminated.
Mono: successfully reloaded assembly
- Completed reload, in  0.805 seconds
Platform modules already initialized, skipping
Refreshing native plugins compatible for Editor in 0.45 ms, found 0 plugins.
Preloading 0 native plugins for Editor in 0.00 ms.
Unloading 1398 Unused Serialized files (Serialized files now loaded: 0)
System memory in use before: 64.5 MB.
System memory in use after: 64.6 MB.

Unloading 24 unused Assets to reduce memory usage. Loaded Objects now: 1847.
Total: 1.550600 ms (FindLiveObjects: 0.259800 ms CreateObjectMapping: 0.068000 ms MarkObjects: 1.204400 ms  DeleteObjects: 0.017000 ms)

========================================================================
Received Import Request.
  Time since last request: 63.342634 seconds.
  path: Assets/Scripts/Player/PlayerStatusManager.cs
  artifactKey: Guid(65dc1ab59ffa38542aa1671268c96d97) Importer(815301076,1909f56bfc062723c751e8b465ee728b)
Start importing Assets/Scripts/Player/PlayerStatusManager.cs using Guid(65dc1ab59ffa38542aa1671268c96d97) Importer(815301076,1909f56bfc062723c751e8b465ee728b)  -> (artifact id: '9e0310ae7adabcb4af579ce850c11722') in 0.005690 seconds
  Import took 0.007660 seconds .

========================================================================
Received Prepare
Registering precompiled user dll's ...
Registered in 0.002121 seconds.
Begin MonoManager ReloadAssembly
Native extension for WindowsStandalone target not found
Refreshing native plugins compatible for Editor in 0.36 ms, found 0 plugins.
Preloading 0 native plugins for Editor in 0.00 ms.
Invoked RoslynAnalysisRunner static constructor.
RoslynAnalysisRunner will not be running.
RoslynAnalysisRunner has terminated.
Mono: successfully reloaded assembly
- Completed reload, in  0.787 seconds
Platform modules already initialized, skipping
Refreshing native plugins compatible for Editor in 0.41 ms, found 0 plugins.
Preloading 0 native plugins for Editor in 0.00 ms.
Unloading 1398 Unused Serialized files (Serialized files now loaded: 0)
System memory in use before: 64.6 MB.
System memory in use after: 64.7 MB.

Unloading 24 unused Assets to reduce memory usage. Loaded Objects now: 1849.
Total: 1.906200 ms (FindLiveObjects: 0.391600 ms CreateObjectMapping: 0.069200 ms MarkObjects: 1.424300 ms  DeleteObjects: 0.019500 ms)

========================================================================
Received Prepare
Registering precompiled user dll's ...
Registered in 0.001837 seconds.
Begin MonoManager ReloadAssembly
Native extension for WindowsStandalone target not found
Refreshing native plugins compatible for Editor in 0.41 ms, found 0 plugins.
Preloading 0 native plugins for Editor in 0.00 ms.
Invoked RoslynAnalysisRunner static constructor.
RoslynAnalysisRunner will not be running.
RoslynAnalysisRunner has terminated.
Mono: successfully reloaded assembly
- Completed reload, in  0.805 seconds
Platform modules already initialized, skipping
Refreshing native plugins compatible for Editor in 0.50 ms, found 0 plugins.
Preloading 0 native plugins for Editor in 0.00 ms.
Unloading 1398 Unused Serialized files (Serialized files now loaded: 0)
System memory in use before: 64.7 MB.
System memory in use after: 64.8 MB.

Unloading 24 unused Assets to reduce memory usage. Loaded Objects now: 1851.
Total: 1.558000 ms (FindLiveObjects: 0.141400 ms CreateObjectMapping: 0.048600 ms MarkObjects: 1.350900 ms  DeleteObjects: 0.016000 ms)

========================================================================
Received Prepare
Registering precompiled user dll's ...
Registered in 0.002000 seconds.
Begin MonoManager ReloadAssembly
Native extension for WindowsStandalone target not found
Refreshing native plugins compatible for Editor in 0.58 ms, found 0 plugins.
Preloading 0 native plugins for Editor in 0.00 ms.
Invoked RoslynAnalysisRunner static constructor.
RoslynAnalysisRunner will not be running.
RoslynAnalysisRunner has terminated.
Mono: successfully reloaded assembly
- Completed reload, in  0.796 seconds
Platform modules already initialized, skipping
Refreshing native plugins compatible for Editor in 0.55 ms, found 0 plugins.
Preloading 0 native plugins for Editor in 0.00 ms.
Unloading 1398 Unused Serialized files (Serialized files now loaded: 0)
System memory in use before: 64.8 MB.
System memory in use after: 64.9 MB.

Unloading 24 unused Assets to reduce memory usage. Loaded Objects now: 1853.
Total: 1.568300 ms (FindLiveObjects: 0.182200 ms CreateObjectMapping: 0.057200 ms MarkObjects: 1.310100 ms  DeleteObjects: 0.017800 ms)

========================================================================
Received Prepare
Registering precompiled user dll's ...
Registered in 0.002323 seconds.
Begin MonoManager ReloadAssembly
Native extension for WindowsStandalone target not found
Refreshing native plugins compatible for Editor in 0.34 ms, found 0 plugins.
Preloading 0 native plugins for Editor in 0.00 ms.
Invoked RoslynAnalysisRunner static constructor.
RoslynAnalysisRunner will not be running.
RoslynAnalysisRunner has terminated.
Mono: successfully reloaded assembly
- Completed reload, in  0.824 seconds
Platform modules already initialized, skipping
Refreshing native plugins compatible for Editor in 0.44 ms, found 0 plugins.
Preloading 0 native plugins for Editor in 0.00 ms.
Unloading 1398 Unused Serialized files (Serialized files now loaded: 0)
System memory in use before: 64.8 MB.
System memory in use after: 64.9 MB.

Unloading 24 unused Assets to reduce memory usage. Loaded Objects now: 1855.
Total: 2.141900 ms (FindLiveObjects: 0.449300 ms CreateObjectMapping: 0.082100 ms MarkObjects: 1.586200 ms  DeleteObjects: 0.021500 ms)

========================================================================
Received Prepare
Registering precompiled user dll's ...
Registered in 0.002663 seconds.
Begin MonoManager ReloadAssembly
Native extension for WindowsStandalone target not found
Refreshing native plugins compatible for Editor in 0.37 ms, found 0 plugins.
Preloading 0 native plugins for Editor in 0.00 ms.
Invoked RoslynAnalysisRunner static constructor.
RoslynAnalysisRunner will not be running.
RoslynAnalysisRunner has terminated.
Mono: successfully reloaded assembly
- Completed reload, in  0.821 seconds
Platform modules already initialized, skipping
Refreshing native plugins compatible for Editor in 0.43 ms, found 0 plugins.
Preloading 0 native plugins for Editor in 0.00 ms.
Unloading 1398 Unused Serialized files (Serialized files now loaded: 0)
System memory in use before: 64.9 MB.
System memory in use after: 65.0 MB.

Unloading 24 unused Assets to reduce memory usage. Loaded Objects now: 1857.
Total: 2.104000 ms (FindLiveObjects: 0.316500 ms CreateObjectMapping: 0.075700 ms MarkObjects: 1.691100 ms  DeleteObjects: 0.019100 ms)

========================================================================
Received Prepare
Registering precompiled user dll's ...
Registered in 0.002116 seconds.
Begin MonoManager ReloadAssembly
Native extension for WindowsStandalone target not found
Refreshing native plugins compatible for Editor in 0.58 ms, found 0 plugins.
Preloading 0 native plugins for Editor in 0.00 ms.
Invoked RoslynAnalysisRunner static constructor.
RoslynAnalysisRunner will not be running.
RoslynAnalysisRunner has terminated.
Mono: successfully reloaded assembly
- Completed reload, in  0.802 seconds
Platform modules already initialized, skipping
Refreshing native plugins compatible for Editor in 0.33 ms, found 0 plugins.
Preloading 0 native plugins for Editor in 0.00 ms.
Unloading 1398 Unused Serialized files (Serialized files now loaded: 0)
System memory in use before: 65.0 MB.
System memory in use after: 65.1 MB.

Unloading 24 unused Assets to reduce memory usage. Loaded Objects now: 1859.
Total: 1.782300 ms (FindLiveObjects: 0.240100 ms CreateObjectMapping: 0.042900 ms MarkObjects: 1.474400 ms  DeleteObjects: 0.022900 ms)

========================================================================
Received Import Request.
  Time since last request: 364.188897 seconds.
  path: Assets/Scripts/Asteroid/AsteroidMovement.cs
  artifactKey: Guid(f5402ae77909cd4489d81e0d1da63cdd) Importer(815301076,1909f56bfc062723c751e8b465ee728b)
Start importing Assets/Scripts/Asteroid/AsteroidMovement.cs using Guid(f5402ae77909cd4489d81e0d1da63cdd) Importer(815301076,1909f56bfc062723c751e8b465ee728b)  -> (artifact id: 'dcddae48287ac6a7c2ad038676f2247e') in 0.012789 seconds
  Import took 0.015490 seconds .

========================================================================
Received Import Request.
  Time since last request: 5.792043 seconds.
  path: Assets/Scripts/Asteroid/AsteroidStatusManager.cs
  artifactKey: Guid(06402c8a115d3f243ae95dbdb3852bda) Importer(815301076,1909f56bfc062723c751e8b465ee728b)
Start importing Assets/Scripts/Asteroid/AsteroidStatusManager.cs using Guid(06402c8a115d3f243ae95dbdb3852bda) Importer(815301076,1909f56bfc062723c751e8b465ee728b)  -> (artifact id: '13b155b294f70d4f7ca902e7a19759a7') in 0.009998 seconds
  Import took 0.012617 seconds .

========================================================================
Received Import Request.
  Time since last request: 0.001203 seconds.
  path: Assets/Scripts/Asteroid/AsteroidStatusManager.cs
  artifactKey: Guid(06402c8a115d3f243ae95dbdb3852bda) Importer(815301076,1909f56bfc062723c751e8b465ee728b)
Start importing Assets/Scripts/Asteroid/AsteroidStatusManager.cs using Guid(06402c8a115d3f243ae95dbdb3852bda) Importer(815301076,1909f56bfc062723c751e8b465ee728b)  -> (artifact id: '13b155b294f70d4f7ca902e7a19759a7') in 0.003381 seconds
  Import took 0.005876 seconds .

========================================================================
Received Prepare
Registering precompiled user dll's ...
Registered in 0.002393 seconds.
Begin MonoManager ReloadAssembly
Native extension for WindowsStandalone target not found
Refreshing native plugins compatible for Editor in 0.37 ms, found 0 plugins.
Preloading 0 native plugins for Editor in 0.00 ms.
Invoked RoslynAnalysisRunner static constructor.
RoslynAnalysisRunner will not be running.
RoslynAnalysisRunner has terminated.
Mono: successfully reloaded assembly
- Completed reload, in  0.817 seconds
Platform modules already initialized, skipping
Refreshing native plugins compatible for Editor in 0.34 ms, found 0 plugins.
Preloading 0 native plugins for Editor in 0.00 ms.
Unloading 1398 Unused Serialized files (Serialized files now loaded: 0)
System memory in use before: 65.0 MB.
System memory in use after: 65.2 MB.

Unloading 24 unused Assets to reduce memory usage. Loaded Objects now: 1861.
Total: 1.740700 ms (FindLiveObjects: 0.271400 ms CreateObjectMapping: 0.049200 ms MarkObjects: 1.401400 ms  DeleteObjects: 0.017600 ms)

========================================================================
Received Prepare
Registering precompiled user dll's ...
Registered in 0.002968 seconds.
Begin MonoManager ReloadAssembly
Native extension for WindowsStandalone target not found
Refreshing native plugins compatible for Editor in 0.53 ms, found 0 plugins.
Preloading 0 native plugins for Editor in 0.00 ms.
Invoked RoslynAnalysisRunner static constructor.
RoslynAnalysisRunner will not be running.
RoslynAnalysisRunner has terminated.
Mono: successfully reloaded assembly
- Completed reload, in  1.144 seconds
Platform modules already initialized, skipping
Refreshing native plugins compatible for Editor in 0.68 ms, found 0 plugins.
Preloading 0 native plugins for Editor in 0.00 ms.
Unloading 1398 Unused Serialized files (Serialized files now loaded: 0)
System memory in use before: 65.1 MB.
System memory in use after: 65.2 MB.

Unloading 24 unused Assets to reduce memory usage. Loaded Objects now: 1863.
Total: 3.733300 ms (FindLiveObjects: 0.365400 ms CreateObjectMapping: 0.157000 ms MarkObjects: 3.169600 ms  DeleteObjects: 0.039500 ms)

========================================================================
Received Prepare
Registering precompiled user dll's ...
Registered in 0.002159 seconds.
Begin MonoManager ReloadAssembly
Native extension for WindowsStandalone target not found
Refreshing native plugins compatible for Editor in 0.49 ms, found 0 plugins.
Preloading 0 native plugins for Editor in 0.00 ms.
Invoked RoslynAnalysisRunner static constructor.
RoslynAnalysisRunner will not be running.
RoslynAnalysisRunner has terminated.
Mono: successfully reloaded assembly
- Completed reload, in  0.944 seconds
Platform modules already initialized, skipping
Refreshing native plugins compatible for Editor in 0.34 ms, found 0 plugins.
Preloading 0 native plugins for Editor in 0.00 ms.
Unloading 1398 Unused Serialized files (Serialized files now loaded: 0)
System memory in use before: 65.2 MB.
System memory in use after: 65.3 MB.

Unloading 24 unused Assets to reduce memory usage. Loaded Objects now: 1865.
Total: 2.185400 ms (FindLiveObjects: 0.333700 ms CreateObjectMapping: 0.078000 ms MarkObjects: 1.750400 ms  DeleteObjects: 0.021700 ms)

========================================================================
Received Import Request.
  Time since last request: 180.594752 seconds.
  path: Assets/Sprites
  artifactKey: Guid(b68ffe44af7a54d4e9f1819e2bfa915f) Importer(815301076,1909f56bfc062723c751e8b465ee728b)
Start importing Assets/Sprites using Guid(b68ffe44af7a54d4e9f1819e2bfa915f) Importer(815301076,1909f56bfc062723c751e8b465ee728b)  -> (artifact id: '7a8bf20984c439bc0adaf5945478348e') in 0.010157 seconds
  Import took 0.012701 seconds .

========================================================================
Received Import Request.
  Time since last request: 0.306449 seconds.
  path: Assets/Scripts/Sprite
  artifactKey: Guid(1425798bdd799354db0029fe9ce2470f) Importer(815301076,1909f56bfc062723c751e8b465ee728b)
Start importing Assets/Scripts/Sprite using Guid(1425798bdd799354db0029fe9ce2470f) Importer(815301076,1909f56bfc062723c751e8b465ee728b)  -> (artifact id: 'd17d67c4e812cd964dae1e75e3dfda21') in 0.007512 seconds
  Import took 0.009773 seconds .

